<?xml version="1.0" encoding="UTF-8"?>
<!-- Generated by org.testng.reporters.JUnitReportReporter -->
<testsuite skipped="0" hostname="WINDOWS-7J23SHK" name="Crossbrowser.TestCase" tests="2" failures="0" timestamp="07 Jul 2017 20:32:12 GMT" time="9.834" errors="0">
  <testcase name="test1" time="0.022" classname="Crossbrowser.TestCase"/>
  <testcase name="test1" time="9.812" classname="Crossbrowser.TestCase"/>
</testsuite> <!-- Crossbrowser.TestCase -->
